<?xml version="1.0" encoding="UTF-8"?>
<coverage generated="1762295464889" clover="3.2.0">
  <project timestamp="1762295464889" name="All files">
    <metrics statements="29" coveredstatements="29" conditionals="39" coveredconditionals="38" methods="6" coveredmethods="6" elements="74" coveredelements="73" complexity="0" loc="29" ncloc="29" packages="2" files="2" classes="2"/>
    <package name="components">
      <metrics statements="2" coveredstatements="2" conditionals="2" coveredconditionals="2" methods="1" coveredmethods="1"/>
      <file name="Button.jsx" path="/home/runner/work/smart-money-tracker/smart-money-tracker/frontend/src/components/Button.jsx">
        <metrics statements="2" coveredstatements="2" conditionals="2" coveredconditionals="2" methods="1" coveredmethods="1"/>
        <line num="3" count="1" type="cond" truecount="2" falsecount="0"/>
        <line num="4" count="3" type="stmt"/>
      </file>
    </package>
    <package name="utils">
      <metrics statements="27" coveredstatements="27" conditionals="37" coveredconditionals="36" methods="5" coveredmethods="5"/>
      <file name="formatters.js" path="/home/runner/work/smart-money-tracker/smart-money-tracker/frontend/src/utils/formatters.js">
        <metrics statements="27" coveredstatements="27" conditionals="37" coveredconditionals="36" methods="5" coveredmethods="5"/>
        <line num="10" count="10" type="cond" truecount="5" falsecount="0"/>
        <line num="11" count="3" type="stmt"/>
        <line num="14" count="7" type="stmt"/>
        <line num="29" count="7" type="cond" truecount="2" falsecount="0"/>
        <line num="31" count="5" type="cond" truecount="2" falsecount="0"/>
        <line num="33" count="7" type="cond" truecount="2" falsecount="0"/>
        <line num="34" count="1" type="stmt"/>
        <line num="37" count="4" type="stmt"/>
        <line num="43" count="4" type="cond" truecount="1" falsecount="1"/>
        <line num="53" count="11" type="cond" truecount="5" falsecount="0"/>
        <line num="54" count="3" type="stmt"/>
        <line num="57" count="8" type="cond" truecount="2" falsecount="0"/>
        <line num="58" count="11" type="stmt"/>
        <line num="67" count="8" type="cond" truecount="5" falsecount="0"/>
        <line num="68" count="3" type="stmt"/>
        <line num="71" count="5" type="stmt"/>
        <line num="80" count="13" type="cond" truecount="5" falsecount="0"/>
        <line num="81" count="3" type="stmt"/>
        <line num="84" count="10" type="cond" truecount="2" falsecount="0"/>
        <line num="85" count="3" type="stmt"/>
        <line num="88" count="7" type="stmt"/>
        <line num="89" count="7" type="stmt"/>
        <line num="90" count="7" type="stmt"/>
        <line num="92" count="7" type="cond" truecount="2" falsecount="0"/>
        <line num="93" count="13" type="stmt"/>
        <line num="94" count="13" type="stmt"/>
        <line num="97" count="7" type="stmt"/>
      </file>
    </package>
  </project>
</coverage>
