{"/home/runner/work/smart-money-tracker/smart-money-tracker/frontend/src/components/Button.jsx": {"path":"/home/runner/work/smart-money-tracker/smart-money-tracker/frontend/src/components/Button.jsx","statementMap":{"0":{"start":{"line":3,"column":15},"end":{"line":15,"column":null}},"1":{"start":{"line":4,"column":2},"end":{"line":13,"column":null}}},"fnMap":{"0":{"name":"(anonymous_0)","decl":{"start":{"line":3,"column":15},"end":{"line":3,"column":16}},"loc":{"start":{"line":3,"column":95},"end":{"line":15,"column":null}},"line":3}},"branchMap":{"0":{"loc":{"start":{"line":3,"column":47},"end":{"line":3,"column":64}},"type":"default-arg","locations":[{"start":{"line":3,"column":54},"end":{"line":3,"column":64}}],"line":3},"1":{"loc":{"start":{"line":3,"column":64},"end":{"line":3,"column":80}},"type":"default-arg","locations":[{"start":{"line":3,"column":76},"end":{"line":3,"column":80}}],"line":3}},"s":{"0":1,"1":3},"f":{"0":3},"b":{"0":[3],"1":[3]},"meta":{"lastBranch":2,"lastFunction":1,"lastStatement":2,"seen":{"s:3:15:15:Infinity":0,"f:3:15:3:16":0,"b:3:54:3:64":0,"b:3:76:3:80":1,"s:4:2:13:Infinity":1}}}
,"/home/runner/work/smart-money-tracker/smart-money-tracker/frontend/src/utils/formatters.js": {"path":"/home/runner/work/smart-money-tracker/smart-money-tracker/frontend/src/utils/formatters.js","statementMap":{"0":{"start":{"line":10,"column":2},"end":{"line":12,"column":null}},"1":{"start":{"line":11,"column":4},"end":{"line":11,"column":null}},"2":{"start":{"line":14,"column":2},"end":{"line":19,"column":null}},"3":{"start":{"line":29,"column":2},"end":{"line":29,"column":null}},"4":{"start":{"line":29,"column":13},"end":{"line":29,"column":null}},"5":{"start":{"line":31,"column":18},"end":{"line":31,"column":62}},"6":{"start":{"line":33,"column":2},"end":{"line":35,"column":null}},"7":{"start":{"line":34,"column":4},"end":{"line":34,"column":null}},"8":{"start":{"line":37,"column":18},"end":{"line":41,"column":3}},"9":{"start":{"line":43,"column":2},"end":{"line":43,"column":null}},"10":{"start":{"line":53,"column":2},"end":{"line":55,"column":null}},"11":{"start":{"line":54,"column":4},"end":{"line":54,"column":null}},"12":{"start":{"line":57,"column":21},"end":{"line":57,"column":52}},"13":{"start":{"line":58,"column":2},"end":{"line":58,"column":null}},"14":{"start":{"line":67,"column":2},"end":{"line":69,"column":null}},"15":{"start":{"line":68,"column":4},"end":{"line":68,"column":null}},"16":{"start":{"line":71,"column":2},"end":{"line":71,"column":null}},"17":{"start":{"line":80,"column":2},"end":{"line":82,"column":null}},"18":{"start":{"line":81,"column":4},"end":{"line":81,"column":null}},"19":{"start":{"line":84,"column":2},"end":{"line":86,"column":null}},"20":{"start":{"line":85,"column":4},"end":{"line":85,"column":null}},"21":{"start":{"line":88,"column":16},"end":{"line":88,"column":36}},"22":{"start":{"line":89,"column":18},"end":{"line":89,"column":20}},"23":{"start":{"line":90,"column":18},"end":{"line":90,"column":21}},"24":{"start":{"line":92,"column":2},"end":{"line":95,"column":null}},"25":{"start":{"line":93,"column":4},"end":{"line":93,"column":null}},"26":{"start":{"line":94,"column":4},"end":{"line":94,"column":null}},"27":{"start":{"line":97,"column":2},"end":{"line":97,"column":null}}},"fnMap":{"0":{"name":"formatCurrency","decl":{"start":{"line":9,"column":16},"end":{"line":9,"column":30}},"loc":{"start":{"line":9,"column":57},"end":{"line":20,"column":null}},"line":9},"1":{"name":"formatDate","decl":{"start":{"line":28,"column":16},"end":{"line":28,"column":26}},"loc":{"start":{"line":28,"column":51},"end":{"line":44,"column":null}},"line":28},"2":{"name":"formatPercentage","decl":{"start":{"line":52,"column":16},"end":{"line":52,"column":32}},"loc":{"start":{"line":52,"column":58},"end":{"line":59,"column":null}},"line":52},"3":{"name":"formatNumber","decl":{"start":{"line":66,"column":16},"end":{"line":66,"column":28}},"loc":{"start":{"line":66,"column":34},"end":{"line":72,"column":null}},"line":66},"4":{"name":"abbreviateNumber","decl":{"start":{"line":79,"column":16},"end":{"line":79,"column":32}},"loc":{"start":{"line":79,"column":38},"end":{"line":98,"column":null}},"line":79}},"branchMap":{"0":{"loc":{"start":{"line":9,"column":39},"end":{"line":9,"column":55}},"type":"default-arg","locations":[{"start":{"line":9,"column":50},"end":{"line":9,"column":55}}],"line":9},"1":{"loc":{"start":{"line":10,"column":2},"end":{"line":12,"column":null}},"type":"if","locations":[{"start":{"line":10,"column":2},"end":{"line":12,"column":null}},{"start":{},"end":{}}],"line":10},"2":{"loc":{"start":{"line":10,"column":6},"end":{"line":10,"column":62}},"type":"binary-expr","locations":[{"start":{"line":10,"column":6},"end":{"line":10,"column":21}},{"start":{"line":10,"column":25},"end":{"line":10,"column":45}},{"start":{"line":10,"column":49},"end":{"line":10,"column":62}}],"line":10},"3":{"loc":{"start":{"line":28,"column":33},"end":{"line":28,"column":49}},"type":"default-arg","locations":[{"start":{"line":28,"column":42},"end":{"line":28,"column":49}}],"line":28},"4":{"loc":{"start":{"line":29,"column":2},"end":{"line":29,"column":null}},"type":"if","locations":[{"start":{"line":29,"column":2},"end":{"line":29,"column":null}},{"start":{},"end":{}}],"line":29},"5":{"loc":{"start":{"line":31,"column":18},"end":{"line":31,"column":62}},"type":"cond-expr","locations":[{"start":{"line":31,"column":41},"end":{"line":31,"column":45}},{"start":{"line":31,"column":48},"end":{"line":31,"column":62}}],"line":31},"6":{"loc":{"start":{"line":33,"column":2},"end":{"line":35,"column":null}},"type":"if","locations":[{"start":{"line":33,"column":2},"end":{"line":35,"column":null}},{"start":{},"end":{}}],"line":33},"7":{"loc":{"start":{"line":43,"column":42},"end":{"line":43,"column":74}},"type":"binary-expr","locations":[{"start":{"line":43,"column":42},"end":{"line":43,"column":57}},{"start":{"line":43,"column":61},"end":{"line":43,"column":74}}],"line":43},"8":{"loc":{"start":{"line":52,"column":40},"end":{"line":52,"column":56}},"type":"default-arg","locations":[{"start":{"line":52,"column":52},"end":{"line":52,"column":56}}],"line":52},"9":{"loc":{"start":{"line":53,"column":2},"end":{"line":55,"column":null}},"type":"if","locations":[{"start":{"line":53,"column":2},"end":{"line":55,"column":null}},{"start":{},"end":{}}],"line":53},"10":{"loc":{"start":{"line":53,"column":6},"end":{"line":53,"column":59}},"type":"binary-expr","locations":[{"start":{"line":53,"column":6},"end":{"line":53,"column":20}},{"start":{"line":53,"column":24},"end":{"line":53,"column":43}},{"start":{"line":53,"column":47},"end":{"line":53,"column":59}}],"line":53},"11":{"loc":{"start":{"line":57,"column":21},"end":{"line":57,"column":52}},"type":"cond-expr","locations":[{"start":{"line":57,"column":33},"end":{"line":57,"column":44}},{"start":{"line":57,"column":47},"end":{"line":57,"column":52}}],"line":57},"12":{"loc":{"start":{"line":67,"column":2},"end":{"line":69,"column":null}},"type":"if","locations":[{"start":{"line":67,"column":2},"end":{"line":69,"column":null}},{"start":{},"end":{}}],"line":67},"13":{"loc":{"start":{"line":67,"column":6},"end":{"line":67,"column":53}},"type":"binary-expr","locations":[{"start":{"line":67,"column":6},"end":{"line":67,"column":18}},{"start":{"line":67,"column":22},"end":{"line":67,"column":39}},{"start":{"line":67,"column":43},"end":{"line":67,"column":53}}],"line":67},"14":{"loc":{"start":{"line":80,"column":2},"end":{"line":82,"column":null}},"type":"if","locations":[{"start":{"line":80,"column":2},"end":{"line":82,"column":null}},{"start":{},"end":{}}],"line":80},"15":{"loc":{"start":{"line":80,"column":6},"end":{"line":80,"column":53}},"type":"binary-expr","locations":[{"start":{"line":80,"column":6},"end":{"line":80,"column":18}},{"start":{"line":80,"column":22},"end":{"line":80,"column":39}},{"start":{"line":80,"column":43},"end":{"line":80,"column":53}}],"line":80},"16":{"loc":{"start":{"line":84,"column":2},"end":{"line":86,"column":null}},"type":"if","locations":[{"start":{"line":84,"column":2},"end":{"line":86,"column":null}},{"start":{},"end":{}}],"line":84},"17":{"loc":{"start":{"line":92,"column":9},"end":{"line":92,"column":58}},"type":"binary-expr","locations":[{"start":{"line":92,"column":9},"end":{"line":92,"column":26}},{"start":{"line":92,"column":30},"end":{"line":92,"column":58}}],"line":92}},"s":{"0":10,"1":3,"2":7,"3":7,"4":2,"5":5,"6":7,"7":1,"8":4,"9":4,"10":11,"11":3,"12":8,"13":11,"14":8,"15":3,"16":5,"17":13,"18":3,"19":10,"20":3,"21":7,"22":7,"23":7,"24":7,"25":13,"26":13,"27":7},"f":{"0":10,"1":7,"2":11,"3":8,"4":13},"b":{"0":[10],"1":[3,7],"2":[10,9,8],"3":[7],"4":[2,5],"5":[3,2],"6":[1,6],"7":[4,0],"8":[11],"9":[3,8],"10":[11,10,9],"11":[4,4],"12":[3,5],"13":[8,7,6],"14":[3,10],"15":[13,12,11],"16":[3,7],"17":[7,13]},"meta":{"lastBranch":18,"lastFunction":5,"lastStatement":28,"seen":{"f:9:16:9:30":0,"b:9:50:9:55":0,"b:10:2:12:Infinity:undefined:undefined:undefined:undefined":1,"s:10:2:12:Infinity":0,"b:10:6:10:21:10:25:10:45:10:49:10:62":2,"s:11:4:11:Infinity":1,"s:14:2:19:Infinity":2,"f:28:16:28:26":1,"b:28:42:28:49":3,"b:29:2:29:Infinity:undefined:undefined:undefined:undefined":4,"s:29:2:29:Infinity":3,"s:29:13:29:Infinity":4,"s:31:18:31:62":5,"b:31:41:31:45:31:48:31:62":5,"b:33:2:35:Infinity:undefined:undefined:undefined:undefined":6,"s:33:2:35:Infinity":6,"s:34:4:34:Infinity":7,"s:37:18:41:3":8,"s:43:2:43:Infinity":9,"b:43:42:43:57:43:61:43:74":7,"f:52:16:52:32":2,"b:52:52:52:56":8,"b:53:2:55:Infinity:undefined:undefined:undefined:undefined":9,"s:53:2:55:Infinity":10,"b:53:6:53:20:53:24:53:43:53:47:53:59":10,"s:54:4:54:Infinity":11,"s:57:21:57:52":12,"b:57:33:57:44:57:47:57:52":11,"s:58:2:58:Infinity":13,"f:66:16:66:28":3,"b:67:2:69:Infinity:undefined:undefined:undefined:undefined":12,"s:67:2:69:Infinity":14,"b:67:6:67:18:67:22:67:39:67:43:67:53":13,"s:68:4:68:Infinity":15,"s:71:2:71:Infinity":16,"f:79:16:79:32":4,"b:80:2:82:Infinity:undefined:undefined:undefined:undefined":14,"s:80:2:82:Infinity":17,"b:80:6:80:18:80:22:80:39:80:43:80:53":15,"s:81:4:81:Infinity":18,"b:84:2:86:Infinity:undefined:undefined:undefined:undefined":16,"s:84:2:86:Infinity":19,"s:85:4:85:Infinity":20,"s:88:16:88:36":21,"s:89:18:89:20":22,"s:90:18:90:21":23,"s:92:2:95:Infinity":24,"b:92:9:92:26:92:30:92:58":17,"s:93:4:93:Infinity":25,"s:94:4:94:Infinity":26,"s:97:2:97:Infinity":27}}}
}
